app/build/intermediates/manifest_merge_blame_file/debug/manifest-merger-blame-debug-report.txt
1<?xml version="1.0" encoding="utf-8"?>
2<manifest xmlns:android="http://schemas.android.com/apk/res/android"
3    package="com.exergysystems.githubapiv3searchusersusage"
4    android:versionCode="1"
5    android:versionName="1.0" >
6
7    <uses-sdk
8        android:minSdkVersion="19"
8-->src\main\AndroidManifest.xml
9        android:targetSdkVersion="29" />
9-->src\main\AndroidManifest.xml
10
11    <uses-permission android:name="android.permission.ACCESS_NETWORK_STATE" />
11-->src\main\AndroidManifest.xml:5:5-79
11-->src\main\AndroidManifest.xml:5:22-76
12    <uses-permission android:name="android.permission.INTERNET" />
12-->src\main\AndroidManifest.xml:6:5-67
12-->src\main\AndroidManifest.xml:6:22-64
13
14    <application
14-->src\main\AndroidManifest.xml:8:5-39:19
15        android:allowBackup="true"
15-->src\main\AndroidManifest.xml:9:9-35
16        android:appComponentFactory="androidx.core.app.CoreComponentFactory"
16-->[androidx.core:core:1.1.0] AndroidManifest.xml:24:18-86
17        android:debuggable="true"
18        android:icon="@mipmap/ic_launcher"
18-->src\main\AndroidManifest.xml:10:9-43
19        android:label="@string/app_name"
19-->src\main\AndroidManifest.xml:11:9-41
20        android:roundIcon="@mipmap/ic_launcher_round"
20-->src\main\AndroidManifest.xml:12:9-54
21        android:supportsRtl="true"
21-->src\main\AndroidManifest.xml:13:9-35
22        android:testOnly="true"
23        android:theme="@style/AppTheme"
23-->src\main\AndroidManifest.xml:15:9-40
24        android:usesCleartextTraffic="true" >
24-->src\main\AndroidManifest.xml:14:9-44
25        <activity
25-->src\main\AndroidManifest.xml:16:9-21:20
26            android:name="com.exergysystems.githubapiv3searchusersusage.controller.UserFollowersActivity"
26-->src\main\AndroidManifest.xml:16:19-112
27            android:parentActivityName="com.exergysystems.githubapiv3searchusersusage.controller.DetailsActivity" >
27-->src\main\AndroidManifest.xml:17:13-114
28            <meta-data
28-->src\main\AndroidManifest.xml:18:13-20:108
29                android:name="android.support.PARENT_ACTIVITY"
29-->src\main\AndroidManifest.xml:19:17-63
30                android:value="com.exergysystems.githubapiv3searchusersusage.controller.DetailsActivity" />
30-->src\main\AndroidManifest.xml:20:17-105
31        </activity>
32        <activity
32-->src\main\AndroidManifest.xml:22:9-28:20
33            android:name="com.exergysystems.githubapiv3searchusersusage.controller.DetailsActivity"
33-->src\main\AndroidManifest.xml:23:13-100
34            android:parentActivityName="com.exergysystems.githubapiv3searchusersusage.controller.HomeActivity" >
34-->src\main\AndroidManifest.xml:24:13-111
35            <meta-data
35-->src\main\AndroidManifest.xml:18:13-20:108
36                android:name="android.support.PARENT_ACTIVITY"
36-->src\main\AndroidManifest.xml:19:17-63
37                android:value="com.exergysystems.githubapiv3searchusersusage.controller.HomeActivity" />
37-->src\main\AndroidManifest.xml:20:17-105
38        </activity>
39        <activity
39-->src\main\AndroidManifest.xml:29:9-38:20
40            android:name="com.exergysystems.githubapiv3searchusersusage.controller.HomeActivity"
40-->src\main\AndroidManifest.xml:30:13-97
41            android:windowSoftInputMode="adjustNothing" >
41-->src\main\AndroidManifest.xml:31:13-56
42            <intent-filter>
42-->src\main\AndroidManifest.xml:32:13-37:29
43                <action android:name="android.intent.action.MAIN" />
43-->src\main\AndroidManifest.xml:33:17-69
43-->src\main\AndroidManifest.xml:33:25-66
44                <action android:name="android.intent.action.VIEW" />
44-->src\main\AndroidManifest.xml:34:17-69
44-->src\main\AndroidManifest.xml:34:25-66
45
46                <category android:name="android.intent.category.LAUNCHER" />
46-->src\main\AndroidManifest.xml:36:17-77
46-->src\main\AndroidManifest.xml:36:27-74
47            </intent-filter>
48        </activity>
49
50        <provider
50-->[com.squareup.picasso:picasso:2.71828] AndroidManifest.xml:8:9-11:40
51            android:name="com.squareup.picasso.PicassoProvider"
51-->[com.squareup.picasso:picasso:2.71828] AndroidManifest.xml:9:13-64
52            android:authorities="com.exergysystems.githubapiv3searchusersusage.com.squareup.picasso"
52-->[com.squareup.picasso:picasso:2.71828] AndroidManifest.xml:10:13-72
53            android:exported="false" />
53-->[com.squareup.picasso:picasso:2.71828] AndroidManifest.xml:11:13-37
54    </application>
55
56</manifest>